# JRE version: OpenJDK Runtime Environment Temurin-21.0.6+7 (21.0.6+7) (build 21.0.6+7-LTS)
# Java VM: OpenJDK 64-Bit Server VM Temurin-21.0.6+7 (21.0.6+7-LTS, mixed mode, sharing, tiered, compressed oops, compressed class ptrs, parallel gc, windows-amd64)
GC Precious Log:
 CardTable entry size: 512
 CPUs: 8 total, 8 available
 Memory: 6020M
 Large Page Support: Disabled
 NUMA Support: Disabled
 Compressed Oops: Enabled (32-bit)
 Alignments: Space 512K, Generation 512K, Heap 2M
 Heap Min Capacity: 100M
 Heap Initial Capacity: 100M
 Heap Max Capacity: 1G
 Pre-touch: Disabled
 Parallel Workers: 8
Heap:
 PSYoungGen      total 2048K, used 1597K [0x00000000eab00000, 0x00000000eae00000, 0x0000000100000000)
  eden space 1536K, 91% used [0x00000000eab00000,0x00000000eac5f6b8,0x00000000eac80000)
  from space 512K, 37% used [0x00000000ead80000,0x00000000eadb0000,0x00000000eae00000)
  to   space 512K, 0% used [0x00000000ead00000,0x00000000ead00000,0x00000000ead80000)
 ParOldGen       total 459264K, used 459191K [0x00000000c0000000, 0x00000000dc080000, 0x00000000eab00000)
  object space 459264K, 99% used [0x00000000c0000000,0x00000000dc06df48,0x00000000dc080000)
 Metaspace       used 77116K, committed 78656K, reserved 1179648K
  class space    used 9625K, committed 10304K, reserved 1048576K
GC Heap History (20 events):
Event: 149.630 GC heap before
{Heap before GC invocations=596 (full 3):
 PSYoungGen      total 2560K, used 2023K [0x00000000eab00000, 0x00000000eaf00000, 0x0000000100000000)
  eden space 1024K, 100% used [0x00000000eab00000,0x00000000eac00000,0x00000000eac00000)
  from space 1536K, 65% used [0x00000000ead80000,0x00000000eae79c80,0x00000000eaf00000)
  to   space 1536K, 0% used [0x00000000eac00000,0x00000000eac00000,0x00000000ead80000)
 ParOldGen       total 455680K, used 455330K [0x00000000c0000000, 0x00000000dbd00000, 0x00000000eab00000)
  object space 455680K, 99% used [0x00000000c0000000,0x00000000dbca88e8,0x00000000dbd00000)
 Metaspace       used 76898K, committed 78464K, reserved 1179648K
  class space    used 9617K, committed 10304K, reserved 1048576K
}
Event: 149.636 GC heap after
{Heap after GC invocations=596 (full 3):
 PSYoungGen      total 2560K, used 1080K [0x00000000eab00000, 0x00000000eaf00000, 0x0000000100000000)
  eden space 1024K, 0% used [0x00000000eab00000,0x00000000eab00000,0x00000000eac00000)
  from space 1536K, 70% used [0x00000000eac00000,0x00000000ead0e010,0x00000000ead80000)
  to   space 1536K, 0% used [0x00000000ead80000,0x00000000ead80000,0x00000000eaf00000)
 ParOldGen       total 456704K, used 456234K [0x00000000c0000000, 0x00000000dbe00000, 0x00000000eab00000)
  object space 456704K, 99% used [0x00000000c0000000,0x00000000dbd8a918,0x00000000dbe00000)
 Metaspace       used 76898K, committed 78464K, reserved 1179648K
  class space    used 9617K, committed 10304K, reserved 1048576K
}
Event: 149.649 GC heap before
{Heap before GC invocations=597 (full 3):
 PSYoungGen      total 2560K, used 1830K [0x00000000eab00000, 0x00000000eaf00000, 0x0000000100000000)
  eden space 1024K, 73% used [0x00000000eab00000,0x00000000eabbbbc0,0x00000000eac00000)
  from space 1536K, 70% used [0x00000000eac00000,0x00000000ead0e010,0x00000000ead80000)
  to   space 1536K, 0% used [0x00000000ead80000,0x00000000ead80000,0x00000000eaf00000)
 ParOldGen       total 456704K, used 456234K [0x00000000c0000000, 0x00000000dbe00000, 0x00000000eab00000)
  object space 456704K, 99% used [0x00000000c0000000,0x00000000dbd8a918,0x00000000dbe00000)
 Metaspace       used 76905K, committed 78464K, reserved 1179648K
  class space    used 9617K, committed 10304K, reserved 1048576K
}
Event: 149.656 GC heap after
{Heap after GC invocations=597 (full 3):
 PSYoungGen      total 2560K, used 848K [0x00000000eab00000, 0x00000000eae80000, 0x0000000100000000)
  eden space 1536K, 0% used [0x00000000eab00000,0x00000000eab00000,0x00000000eac80000)
  from space 1024K, 82% used [0x00000000ead80000,0x00000000eae54010,0x00000000eae80000)
  to   space 1024K, 0% used [0x00000000eac80000,0x00000000eac80000,0x00000000ead80000)
 ParOldGen       total 457728K, used 457274K [0x00000000c0000000, 0x00000000dbf00000, 0x00000000eab00000)
  object space 457728K, 99% used [0x00000000c0000000,0x00000000dbe8e928,0x00000000dbf00000)
 Metaspace       used 76905K, committed 78464K, reserved 1179648K
  class space    used 9617K, committed 10304K, reserved 1048576K
}
Event: 150.103 GC heap before
{Heap before GC invocations=598 (full 3):
 PSYoungGen      total 2560K, used 2116K [0x00000000eab00000, 0x00000000eae80000, 0x0000000100000000)
  eden space 1536K, 82% used [0x00000000eab00000,0x00000000eac3d3b8,0x00000000eac80000)
  from space 1024K, 82% used [0x00000000ead80000,0x00000000eae54010,0x00000000eae80000)
  to   space 1024K, 0% used [0x00000000eac80000,0x00000000eac80000,0x00000000ead80000)
 ParOldGen       total 457728K, used 457274K [0x00000000c0000000, 0x00000000dbf00000, 0x00000000eab00000)
  object space 457728K, 99% used [0x00000000c0000000,0x00000000dbe8e928,0x00000000dbf00000)
 Metaspace       used 76907K, committed 78464K, reserved 1179648K
  class space    used 9617K, committed 10304K, reserved 1048576K
}
Event: 150.110 GC heap after
{Heap after GC invocations=598 (full 3):
 PSYoungGen      total 2560K, used 845K [0x00000000eab00000, 0x00000000eae80000, 0x0000000100000000)
  eden space 1536K, 0% used [0x00000000eab00000,0x00000000eab00000,0x00000000eac80000)
  from space 1024K, 82% used [0x00000000eac80000,0x00000000ead53618,0x00000000ead80000)
  to   space 1024K, 0% used [0x00000000ead80000,0x00000000ead80000,0x00000000eae80000)
 ParOldGen       total 458240K, used 457938K [0x00000000c0000000, 0x00000000dbf80000, 0x00000000eab00000)
  object space 458240K, 99% used [0x00000000c0000000,0x00000000dbf34928,0x00000000dbf80000)
 Metaspace       used 76907K, committed 78464K, reserved 1179648K
  class space    used 9617K, committed 10304K, reserved 1048576K
}
Event: 166.647 GC heap before
{Heap before GC invocations=599 (full 3):
 PSYoungGen      total 2560K, used 2381K [0x00000000eab00000, 0x00000000eae80000, 0x0000000100000000)
  eden space 1536K, 100% used [0x00000000eab00000,0x00000000eac80000,0x00000000eac80000)
  from space 1024K, 82% used [0x00000000eac80000,0x00000000ead53618,0x00000000ead80000)
  to   space 1024K, 0% used [0x00000000ead80000,0x00000000ead80000,0x00000000eae80000)
 ParOldGen       total 458240K, used 457938K [0x00000000c0000000, 0x00000000dbf80000, 0x00000000eab00000)
  object space 458240K, 99% used [0x00000000c0000000,0x00000000dbf34928,0x00000000dbf80000)
 Metaspace       used 76915K, committed 78464K, reserved 1179648K
  class space    used 9617K, committed 10304K, reserved 1048576K
}
Event: 166.654 GC heap after
{Heap after GC invocations=599 (full 3):
 PSYoungGen      total 2560K, used 592K [0x00000000eab00000, 0x00000000eae80000, 0x0000000100000000)
  eden space 1536K, 0% used [0x00000000eab00000,0x00000000eab00000,0x00000000eac80000)
  from space 1024K, 57% used [0x00000000ead80000,0x00000000eae14010,0x00000000eae80000)
  to   space 1024K, 0% used [0x00000000eac80000,0x00000000eac80000,0x00000000ead80000)
 ParOldGen       total 458752K, used 458575K [0x00000000c0000000, 0x00000000dc000000, 0x00000000eab00000)
  object space 458752K, 99% used [0x00000000c0000000,0x00000000dbfd3f38,0x00000000dc000000)
 Metaspace       used 76915K, committed 78464K, reserved 1179648K
  class space    used 9617K, committed 10304K, reserved 1048576K
}
Event: 198.350 GC heap before
{Heap before GC invocations=600 (full 3):
 PSYoungGen      total 2560K, used 2128K [0x00000000eab00000, 0x00000000eae80000, 0x0000000100000000)
  eden space 1536K, 100% used [0x00000000eab00000,0x00000000eac80000,0x00000000eac80000)
  from space 1024K, 57% used [0x00000000ead80000,0x00000000eae14010,0x00000000eae80000)
  to   space 1024K, 0% used [0x00000000eac80000,0x00000000eac80000,0x00000000ead80000)
 ParOldGen       total 458752K, used 458575K [0x00000000c0000000, 0x00000000dc000000, 0x00000000eab00000)
  object space 458752K, 99% used [0x00000000c0000000,0x00000000dbfd3f38,0x00000000dc000000)
 Metaspace       used 76959K, committed 78528K, reserved 1179648K
  class space    used 9617K, committed 10304K, reserved 1048576K
}
Event: 198.355 GC heap after
{Heap after GC invocations=600 (full 3):
 PSYoungGen      total 2560K, used 128K [0x00000000eab00000, 0x00000000eae00000, 0x0000000100000000)
  eden space 1536K, 0% used [0x00000000eab00000,0x00000000eab00000,0x00000000eac80000)
  from space 1024K, 12% used [0x00000000eac80000,0x00000000eaca0000,0x00000000ead80000)
  to   space 512K, 0% used [0x00000000ead80000,0x00000000ead80000,0x00000000eae00000)
 ParOldGen       total 459264K, used 459031K [0x00000000c0000000, 0x00000000dc080000, 0x00000000eab00000)
  object space 459264K, 99% used [0x00000000c0000000,0x00000000dc045f48,0x00000000dc080000)
 Metaspace       used 76959K, committed 78528K, reserved 1179648K
  class space    used 9617K, committed 10304K, reserved 1048576K
}
Event: 231.422 GC heap before
{Heap before GC invocations=601 (full 3):
 PSYoungGen      total 2560K, used 1663K [0x00000000eab00000, 0x00000000eae00000, 0x0000000100000000)
  eden space 1536K, 99% used [0x00000000eab00000,0x00000000eac7fff0,0x00000000eac80000)
  from space 1024K, 12% used [0x00000000eac80000,0x00000000eaca0000,0x00000000ead80000)
  to   space 512K, 0% used [0x00000000ead80000,0x00000000ead80000,0x00000000eae00000)
 ParOldGen       total 459264K, used 459031K [0x00000000c0000000, 0x00000000dc080000, 0x00000000eab00000)
  object space 459264K, 99% used [0x00000000c0000000,0x00000000dc045f48,0x00000000dc080000)
 Metaspace       used 76961K, committed 78528K, reserved 1179648K
  class space    used 9617K, committed 10304K, reserved 1048576K
}
Event: 231.425 GC heap after
{Heap after GC invocations=601 (full 3):
 PSYoungGen      total 2048K, used 128K [0x00000000eab00000, 0x00000000eae00000, 0x0000000100000000)
  eden space 1536K, 0% used [0x00000000eab00000,0x00000000eab00000,0x00000000eac80000)
  from space 512K, 25% used [0x00000000ead80000,0x00000000eada0000,0x00000000eae00000)
  to   space 512K, 0% used [0x00000000ead00000,0x00000000ead00000,0x00000000ead80000)
 ParOldGen       total 459264K, used 459039K [0x00000000c0000000, 0x00000000dc080000, 0x00000000eab00000)
  object space 459264K, 99% used [0x00000000c0000000,0x00000000dc047f48,0x00000000dc080000)
 Metaspace       used 76961K, committed 78528K, reserved 1179648K
  class space    used 9617K, committed 10304K, reserved 1048576K
}
Event: 247.565 GC heap before
{Heap before GC invocations=602 (full 3):
 PSYoungGen      total 2048K, used 1663K [0x00000000eab00000, 0x00000000eae00000, 0x0000000100000000)
  eden space 1536K, 99% used [0x00000000eab00000,0x00000000eac7fe00,0x00000000eac80000)
  from space 512K, 25% used [0x00000000ead80000,0x00000000eada0000,0x00000000eae00000)
  to   space 512K, 0% used [0x00000000ead00000,0x00000000ead00000,0x00000000ead80000)
 ParOldGen       total 459264K, used 459039K [0x00000000c0000000, 0x00000000dc080000, 0x00000000eab00000)
  object space 459264K, 99% used [0x00000000c0000000,0x00000000dc047f48,0x00000000dc080000)
 Metaspace       used 76977K, committed 78528K, reserved 1179648K
  class space    used 9619K, committed 10304K, reserved 1048576K
}
Event: 247.571 GC heap after
{Heap after GC invocations=602 (full 3):
 PSYoungGen      total 2048K, used 160K [0x00000000eab00000, 0x00000000eae00000, 0x0000000100000000)
  eden space 1536K, 0% used [0x00000000eab00000,0x00000000eab00000,0x00000000eac80000)
  from space 512K, 31% used [0x00000000ead00000,0x00000000ead28000,0x00000000ead80000)
  to   space 512K, 0% used [0x00000000ead80000,0x00000000ead80000,0x00000000eae00000)
 ParOldGen       total 459264K, used 459055K [0x00000000c0000000, 0x00000000dc080000, 0x00000000eab00000)
  object space 459264K, 99% used [0x00000000c0000000,0x00000000dc04bf48,0x00000000dc080000)
 Metaspace       used 76977K, committed 78528K, reserved 1179648K
  class space    used 9619K, committed 10304K, reserved 1048576K
}
Event: 255.612 GC heap before
{Heap before GC invocations=603 (full 3):
 PSYoungGen      total 2048K, used 1696K [0x00000000eab00000, 0x00000000eae00000, 0x0000000100000000)
  eden space 1536K, 100% used [0x00000000eab00000,0x00000000eac80000,0x00000000eac80000)
  from space 512K, 31% used [0x00000000ead00000,0x00000000ead28000,0x00000000ead80000)
  to   space 512K, 0% used [0x00000000ead80000,0x00000000ead80000,0x00000000eae00000)
 ParOldGen       total 459264K, used 459055K [0x00000000c0000000, 0x00000000dc080000, 0x00000000eab00000)
  object space 459264K, 99% used [0x00000000c0000000,0x00000000dc04bf48,0x00000000dc080000)
 Metaspace       used 77009K, committed 78528K, reserved 1179648K
  class space    used 9622K, committed 10304K, reserved 1048576K
}
Event: 255.617 GC heap after
{Heap after GC invocations=603 (full 3):
 PSYoungGen      total 2048K, used 256K [0x00000000eab00000, 0x00000000eae00000, 0x0000000100000000)
  eden space 1536K, 0% used [0x00000000eab00000,0x00000000eab00000,0x00000000eac80000)
  from space 512K, 50% used [0x00000000ead80000,0x00000000eadc0000,0x00000000eae00000)
  to   space 512K, 0% used [0x00000000ead00000,0x00000000ead00000,0x00000000ead80000)
 ParOldGen       total 459264K, used 459095K [0x00000000c0000000, 0x00000000dc080000, 0x00000000eab00000)
  object space 459264K, 99% used [0x00000000c0000000,0x00000000dc055f48,0x00000000dc080000)
 Metaspace       used 77009K, committed 78528K, reserved 1179648K
  class space    used 9622K, committed 10304K, reserved 1048576K
}
Event: 277.228 GC heap before
{Heap before GC invocations=604 (full 3):
 PSYoungGen      total 2048K, used 1791K [0x00000000eab00000, 0x00000000eae00000, 0x0000000100000000)
  eden space 1536K, 99% used [0x00000000eab00000,0x00000000eac7fff0,0x00000000eac80000)
  from space 512K, 50% used [0x00000000ead80000,0x00000000eadc0000,0x00000000eae00000)
  to   space 512K, 0% used [0x00000000ead00000,0x00000000ead00000,0x00000000ead80000)
 ParOldGen       total 459264K, used 459095K [0x00000000c0000000, 0x00000000dc080000, 0x00000000eab00000)
  object space 459264K, 99% used [0x00000000c0000000,0x00000000dc055f48,0x00000000dc080000)
 Metaspace       used 77055K, committed 78592K, reserved 1179648K
  class space    used 9625K, committed 10304K, reserved 1048576K
}
Event: 277.248 GC heap after
{Heap after GC invocations=604 (full 3):
 PSYoungGen      total 2048K, used 160K [0x00000000eab00000, 0x00000000eae00000, 0x0000000100000000)
  eden space 1536K, 0% used [0x00000000eab00000,0x00000000eab00000,0x00000000eac80000)
  from space 512K, 31% used [0x00000000ead00000,0x00000000ead28000,0x00000000ead80000)
  to   space 512K, 0% used [0x00000000ead80000,0x00000000ead80000,0x00000000eae00000)
 ParOldGen       total 459264K, used 459135K [0x00000000c0000000, 0x00000000dc080000, 0x00000000eab00000)
  object space 459264K, 99% used [0x00000000c0000000,0x00000000dc05ff48,0x00000000dc080000)
 Metaspace       used 77055K, committed 78592K, reserved 1179648K
  class space    used 9625K, committed 10304K, reserved 1048576K
}
Event: 288.517 GC heap before
{Heap before GC invocations=605 (full 3):
 PSYoungGen      total 2048K, used 1695K [0x00000000eab00000, 0x00000000eae00000, 0x0000000100000000)
  eden space 1536K, 99% used [0x00000000eab00000,0x00000000eac7ffb0,0x00000000eac80000)
  from space 512K, 31% used [0x00000000ead00000,0x00000000ead28000,0x00000000ead80000)
  to   space 512K, 0% used [0x00000000ead80000,0x00000000ead80000,0x00000000eae00000)
 ParOldGen       total 459264K, used 459135K [0x00000000c0000000, 0x00000000dc080000, 0x00000000eab00000)
  object space 459264K, 99% used [0x00000000c0000000,0x00000000dc05ff48,0x00000000dc080000)
 Metaspace       used 77082K, committed 78592K, reserved 1179648K
  class space    used 9625K, committed 10304K, reserved 1048576K
}
Event: 288.523 GC heap after
{Heap after GC invocations=605 (full 3):
 PSYoungGen      total 2048K, used 192K [0x00000000eab00000, 0x00000000eae00000, 0x0000000100000000)
  eden space 1536K, 0% used [0x00000000eab00000,0x00000000eab00000,0x00000000eac80000)
  from space 512K, 37% used [0x00000000ead80000,0x00000000eadb0000,0x00000000eae00000)
  to   space 512K, 0% used [0x00000000ead00000,0x00000000ead00000,0x00000000ead80000)
 ParOldGen       total 459264K, used 459191K [0x00000000c0000000, 0x00000000dc080000, 0x00000000eab00000)
  object space 459264K, 99% used [0x00000000c0000000,0x00000000dc06df48,0x00000000dc080000)
 Metaspace       used 77082K, committed 78592K, reserved 1179648K
  class space    used 9625K, committed 10304K, reserved 1048576K
}

