# JRE version: Java(TM) SE Runtime Environment (17.0.2+8) (build 17.0.2+8-LTS-86)
# Java VM: Java HotSpot(TM) 64-Bit Server VM (17.0.2+8-LTS-86, mixed mode, sharing, tiered, compressed oops, compressed class ptrs, g1 gc, windows-amd64)
GC Precious Log:
 CPUs: 8 total, 8 available
 Memory: 6020M
 Large Page Support: Disabled
 NUMA Support: Disabled
 Compressed Oops: Enabled (Zero based)
 Heap Region Size: 4M
 Heap Min Capacity: 8M
 Heap Initial Capacity: 96M
 Heap Max Capacity: 8G
 Pre-touch: Disabled
 Parallel Workers: 8
 Concurrent Workers: 2
 Concurrent Refinement Workers: 8
 Periodic GC: Disabled
Heap:
 garbage-first heap   total 249856K, used 180172K [0x0000000600000000, 0x0000000800000000)
  region size 4096K, 25 young (102400K), 2 survivors (8192K)
 Metaspace       used 123871K, committed 124544K, reserved 1163264K
  class space    used 15566K, committed 15872K, reserved 1048576K
GC Heap History (20 events):
Event: 118.724 GC heap before
{Heap before GC invocations=93 (full 0):
 garbage-first heap   total 307200K, used 241357K [0x0000000600000000, 0x0000000800000000)
  region size 4096K, 45 young (184320K), 1 survivors (4096K)
 Metaspace       used 43819K, committed 44288K, reserved 1089536K
  class space    used 5791K, committed 6016K, reserved 1048576K
}
Event: 118.731 GC heap after
{Heap after GC invocations=94 (full 0):
 garbage-first heap   total 307200K, used 61069K [0x0000000600000000, 0x0000000800000000)
  region size 4096K, 1 young (4096K), 1 survivors (4096K)
 Metaspace       used 43819K, committed 44288K, reserved 1089536K
  class space    used 5791K, committed 6016K, reserved 1048576K
}
Event: 123.014 GC heap before
{Heap before GC invocations=94 (full 0):
 garbage-first heap   total 307200K, used 241293K [0x0000000600000000, 0x0000000800000000)
  region size 4096K, 45 young (184320K), 1 survivors (4096K)
 Metaspace       used 51038K, committed 51584K, reserved 1097728K
  class space    used 7196K, committed 7424K, reserved 1048576K
}
Event: 123.025 GC heap after
{Heap after GC invocations=95 (full 0):
 garbage-first heap   total 307200K, used 62105K [0x0000000600000000, 0x0000000800000000)
  region size 4096K, 1 young (4096K), 1 survivors (4096K)
 Metaspace       used 51038K, committed 51584K, reserved 1097728K
  class space    used 7196K, committed 7424K, reserved 1048576K
}
Event: 125.925 GC heap before
{Heap before GC invocations=95 (full 0):
 garbage-first heap   total 307200K, used 123545K [0x0000000600000000, 0x0000000800000000)
  region size 4096K, 17 young (69632K), 1 survivors (4096K)
 Metaspace       used 59731K, committed 60288K, reserved 1105920K
  class space    used 8293K, committed 8576K, reserved 1048576K
}
Event: 125.936 GC heap after
{Heap after GC invocations=96 (full 0):
 garbage-first heap   total 307200K, used 63713K [0x0000000600000000, 0x0000000800000000)
  region size 4096K, 2 young (8192K), 2 survivors (8192K)
 Metaspace       used 59731K, committed 60288K, reserved 1105920K
  class space    used 8293K, committed 8576K, reserved 1048576K
}
Event: 130.768 GC heap before
{Heap before GC invocations=97 (full 0):
 garbage-first heap   total 245760K, used 219361K [0x0000000600000000, 0x0000000800000000)
  region size 4096K, 36 young (147456K), 2 survivors (8192K)
 Metaspace       used 71407K, committed 72000K, reserved 1114112K
  class space    used 9509K, committed 9792K, reserved 1048576K
}
Event: 130.797 GC heap after
{Heap after GC invocations=98 (full 0):
 garbage-first heap   total 249856K, used 86629K [0x0000000600000000, 0x0000000800000000)
  region size 4096K, 5 young (20480K), 5 survivors (20480K)
 Metaspace       used 71407K, committed 72000K, reserved 1114112K
  class space    used 9509K, committed 9792K, reserved 1048576K
}
Event: 130.934 GC heap before
{Heap before GC invocations=98 (full 0):
 garbage-first heap   total 249856K, used 90725K [0x0000000600000000, 0x0000000800000000)
  region size 4096K, 6 young (24576K), 5 survivors (20480K)
 Metaspace       used 71856K, committed 72448K, reserved 1114112K
  class space    used 9555K, committed 9856K, reserved 1048576K
}
Event: 130.962 GC heap after
{Heap after GC invocations=99 (full 0):
 garbage-first heap   total 249856K, used 73140K [0x0000000600000000, 0x0000000800000000)
  region size 4096K, 1 young (4096K), 1 survivors (4096K)
 Metaspace       used 71856K, committed 72448K, reserved 1114112K
  class space    used 9555K, committed 9856K, reserved 1048576K
}
Event: 135.238 GC heap before
{Heap before GC invocations=99 (full 0):
 garbage-first heap   total 249856K, used 196020K [0x0000000600000000, 0x0000000800000000)
  region size 4096K, 31 young (126976K), 1 survivors (4096K)
 Metaspace       used 81472K, committed 82112K, reserved 1122304K
  class space    used 10682K, committed 11008K, reserved 1048576K
}
Event: 135.252 GC heap after
{Heap after GC invocations=100 (full 0):
 garbage-first heap   total 249856K, used 78783K [0x0000000600000000, 0x0000000800000000)
  region size 4096K, 3 young (12288K), 3 survivors (12288K)
 Metaspace       used 81472K, committed 82112K, reserved 1122304K
  class space    used 10682K, committed 11008K, reserved 1048576K
}
Event: 140.691 GC heap before
{Heap before GC invocations=101 (full 0):
 garbage-first heap   total 249856K, used 193471K [0x0000000600000000, 0x0000000800000000)
  region size 4096K, 31 young (126976K), 3 survivors (12288K)
 Metaspace       used 93496K, committed 94144K, reserved 1138688K
  class space    used 12038K, committed 12352K, reserved 1048576K
}
Event: 140.705 GC heap after
{Heap after GC invocations=102 (full 0):
 garbage-first heap   total 249856K, used 84811K [0x0000000600000000, 0x0000000800000000)
  region size 4096K, 4 young (16384K), 4 survivors (16384K)
 Metaspace       used 93496K, committed 94144K, reserved 1138688K
  class space    used 12038K, committed 12352K, reserved 1048576K
}
Event: 145.647 GC heap before
{Heap before GC invocations=102 (full 0):
 garbage-first heap   total 249856K, used 195403K [0x0000000600000000, 0x0000000800000000)
  region size 4096K, 31 young (126976K), 4 survivors (16384K)
 Metaspace       used 107509K, committed 108224K, reserved 1146880K
  class space    used 13530K, committed 13888K, reserved 1048576K
}
Event: 145.665 GC heap after
{Heap after GC invocations=103 (full 0):
 garbage-first heap   total 249856K, used 87272K [0x0000000600000000, 0x0000000800000000)
  region size 4096K, 3 young (12288K), 3 survivors (12288K)
 Metaspace       used 107509K, committed 108224K, reserved 1146880K
  class space    used 13530K, committed 13888K, reserved 1048576K
}
Event: 148.944 GC heap before
{Heap before GC invocations=103 (full 0):
 garbage-first heap   total 249856K, used 197864K [0x0000000600000000, 0x0000000800000000)
  region size 4096K, 30 young (122880K), 3 survivors (12288K)
 Metaspace       used 109810K, committed 110592K, reserved 1146880K
  class space    used 13792K, committed 14144K, reserved 1048576K
}
Event: 148.956 GC heap after
{Heap after GC invocations=104 (full 0):
 garbage-first heap   total 249856K, used 88671K [0x0000000600000000, 0x0000000800000000)
  region size 4096K, 3 young (12288K), 3 survivors (12288K)
 Metaspace       used 109810K, committed 110592K, reserved 1146880K
  class space    used 13792K, committed 14144K, reserved 1048576K
}
Event: 155.244 GC heap before
{Heap before GC invocations=104 (full 0):
 garbage-first heap   total 249856K, used 199263K [0x0000000600000000, 0x0000000800000000)
  region size 4096K, 30 young (122880K), 3 survivors (12288K)
 Metaspace       used 113305K, committed 114048K, reserved 1155072K
  class space    used 14271K, committed 14592K, reserved 1048576K
}
Event: 155.271 GC heap after
{Heap after GC invocations=105 (full 0):
 garbage-first heap   total 249856K, used 90060K [0x0000000600000000, 0x0000000800000000)
  region size 4096K, 2 young (8192K), 2 survivors (8192K)
 Metaspace       used 113305K, committed 114048K, reserved 1155072K
  class space    used 14271K, committed 14592K, reserved 1048576K
}

