# JRE version: Java(TM) SE Runtime Environment (17.0.2+8) (build 17.0.2+8-LTS-86)
# Java VM: Java HotSpot(TM) 64-Bit Server VM (17.0.2+8-LTS-86, mixed mode, sharing, tiered, compressed oops, compressed class ptrs, g1 gc, windows-amd64)
GC Precious Log:
 CPUs: 8 total, 8 available
 Memory: 6020M
 Large Page Support: Disabled
 NUMA Support: Disabled
 Compressed Oops: Enabled (Zero based)
 Heap Region Size: 4M
 Heap Min Capacity: 8M
 Heap Initial Capacity: 96M
 Heap Max Capacity: 8G
 Pre-touch: Disabled
 Parallel Workers: 8
 Concurrent Workers: 2
 Concurrent Refinement Workers: 8
 Periodic GC: Disabled
Heap:
 garbage-first heap   total 172032K, used 73898K [0x0000000600000000, 0x0000000800000000)
  region size 4096K, 5 young (20480K), 2 survivors (8192K)
 Metaspace       used 46824K, committed 47424K, reserved 1097728K
  class space    used 6379K, committed 6656K, reserved 1048576K
GC Heap History (20 events):
Event: 373.245 GC heap before
{Heap before GC invocations=61 (full 0):
 garbage-first heap   total 172032K, used 137886K [0x0000000600000000, 0x0000000800000000)
  region size 4096K, 21 young (86016K), 2 survivors (8192K)
 Metaspace       used 46818K, committed 47424K, reserved 1097728K
  class space    used 6379K, committed 6656K, reserved 1048576K
}
Event: 373.254 GC heap after
{Heap after GC invocations=62 (full 0):
 garbage-first heap   total 172032K, used 60473K [0x0000000600000000, 0x0000000800000000)
  region size 4096K, 2 young (8192K), 2 survivors (8192K)
 Metaspace       used 46818K, committed 47424K, reserved 1097728K
  class space    used 6379K, committed 6656K, reserved 1048576K
}
Event: 385.750 GC heap before
{Heap before GC invocations=62 (full 0):
 garbage-first heap   total 172032K, used 138297K [0x0000000600000000, 0x0000000800000000)
  region size 4096K, 21 young (86016K), 2 survivors (8192K)
 Metaspace       used 46818K, committed 47424K, reserved 1097728K
  class space    used 6379K, committed 6656K, reserved 1048576K
}
Event: 385.762 GC heap after
{Heap after GC invocations=63 (full 0):
 garbage-first heap   total 172032K, used 60971K [0x0000000600000000, 0x0000000800000000)
  region size 4096K, 2 young (8192K), 2 survivors (8192K)
 Metaspace       used 46818K, committed 47424K, reserved 1097728K
  class space    used 6379K, committed 6656K, reserved 1048576K
}
Event: 410.590 GC heap before
{Heap before GC invocations=63 (full 0):
 garbage-first heap   total 172032K, used 138795K [0x0000000600000000, 0x0000000800000000)
  region size 4096K, 21 young (86016K), 2 survivors (8192K)
 Metaspace       used 46819K, committed 47424K, reserved 1097728K
  class space    used 6379K, committed 6656K, reserved 1048576K
}
Event: 410.602 GC heap after
{Heap after GC invocations=64 (full 0):
 garbage-first heap   total 172032K, used 61433K [0x0000000600000000, 0x0000000800000000)
  region size 4096K, 2 young (8192K), 2 survivors (8192K)
 Metaspace       used 46819K, committed 47424K, reserved 1097728K
  class space    used 6379K, committed 6656K, reserved 1048576K
}
Event: 438.226 GC heap before
{Heap before GC invocations=64 (full 0):
 garbage-first heap   total 172032K, used 139257K [0x0000000600000000, 0x0000000800000000)
  region size 4096K, 21 young (86016K), 2 survivors (8192K)
 Metaspace       used 46821K, committed 47424K, reserved 1097728K
  class space    used 6379K, committed 6656K, reserved 1048576K
}
Event: 438.239 GC heap after
{Heap after GC invocations=65 (full 0):
 garbage-first heap   total 172032K, used 61927K [0x0000000600000000, 0x0000000800000000)
  region size 4096K, 2 young (8192K), 2 survivors (8192K)
 Metaspace       used 46821K, committed 47424K, reserved 1097728K
  class space    used 6379K, committed 6656K, reserved 1048576K
}
Event: 468.873 GC heap before
{Heap before GC invocations=65 (full 0):
 garbage-first heap   total 172032K, used 139751K [0x0000000600000000, 0x0000000800000000)
  region size 4096K, 21 young (86016K), 2 survivors (8192K)
 Metaspace       used 46821K, committed 47424K, reserved 1097728K
  class space    used 6379K, committed 6656K, reserved 1048576K
}
Event: 468.886 GC heap after
{Heap after GC invocations=66 (full 0):
 garbage-first heap   total 172032K, used 62520K [0x0000000600000000, 0x0000000800000000)
  region size 4096K, 2 young (8192K), 2 survivors (8192K)
 Metaspace       used 46821K, committed 47424K, reserved 1097728K
  class space    used 6379K, committed 6656K, reserved 1048576K
}
Event: 508.751 GC heap before
{Heap before GC invocations=66 (full 0):
 garbage-first heap   total 172032K, used 140344K [0x0000000600000000, 0x0000000800000000)
  region size 4096K, 21 young (86016K), 2 survivors (8192K)
 Metaspace       used 46822K, committed 47424K, reserved 1097728K
  class space    used 6379K, committed 6656K, reserved 1048576K
}
Event: 508.782 GC heap after
{Heap after GC invocations=67 (full 0):
 garbage-first heap   total 172032K, used 62770K [0x0000000600000000, 0x0000000800000000)
  region size 4096K, 2 young (8192K), 2 survivors (8192K)
 Metaspace       used 46822K, committed 47424K, reserved 1097728K
  class space    used 6379K, committed 6656K, reserved 1048576K
}
Event: 538.238 GC heap before
{Heap before GC invocations=67 (full 0):
 garbage-first heap   total 172032K, used 140594K [0x0000000600000000, 0x0000000800000000)
  region size 4096K, 21 young (86016K), 2 survivors (8192K)
 Metaspace       used 46822K, committed 47424K, reserved 1097728K
  class space    used 6379K, committed 6656K, reserved 1048576K
}
Event: 538.254 GC heap after
{Heap after GC invocations=68 (full 0):
 garbage-first heap   total 172032K, used 63394K [0x0000000600000000, 0x0000000800000000)
  region size 4096K, 2 young (8192K), 2 survivors (8192K)
 Metaspace       used 46822K, committed 47424K, reserved 1097728K
  class space    used 6379K, committed 6656K, reserved 1048576K
}
Event: 558.424 GC heap before
{Heap before GC invocations=68 (full 0):
 garbage-first heap   total 172032K, used 141218K [0x0000000600000000, 0x0000000800000000)
  region size 4096K, 21 young (86016K), 2 survivors (8192K)
 Metaspace       used 46823K, committed 47424K, reserved 1097728K
  class space    used 6379K, committed 6656K, reserved 1048576K
}
Event: 558.434 GC heap after
{Heap after GC invocations=69 (full 0):
 garbage-first heap   total 172032K, used 63861K [0x0000000600000000, 0x0000000800000000)
  region size 4096K, 2 young (8192K), 2 survivors (8192K)
 Metaspace       used 46823K, committed 47424K, reserved 1097728K
  class space    used 6379K, committed 6656K, reserved 1048576K
}
Event: 561.214 GC heap before
{Heap before GC invocations=69 (full 0):
 garbage-first heap   total 172032K, used 141685K [0x0000000600000000, 0x0000000800000000)
  region size 4096K, 21 young (86016K), 2 survivors (8192K)
 Metaspace       used 46823K, committed 47424K, reserved 1097728K
  class space    used 6379K, committed 6656K, reserved 1048576K
}
Event: 561.223 GC heap after
{Heap after GC invocations=70 (full 0):
 garbage-first heap   total 172032K, used 64482K [0x0000000600000000, 0x0000000800000000)
  region size 4096K, 2 young (8192K), 2 survivors (8192K)
 Metaspace       used 46823K, committed 47424K, reserved 1097728K
  class space    used 6379K, committed 6656K, reserved 1048576K
}
Event: 563.601 GC heap before
{Heap before GC invocations=70 (full 0):
 garbage-first heap   total 172032K, used 142306K [0x0000000600000000, 0x0000000800000000)
  region size 4096K, 21 young (86016K), 2 survivors (8192K)
 Metaspace       used 46824K, committed 47424K, reserved 1097728K
  class space    used 6379K, committed 6656K, reserved 1048576K
}
Event: 563.613 GC heap after
{Heap after GC invocations=71 (full 0):
 garbage-first heap   total 172032K, used 65094K [0x0000000600000000, 0x0000000800000000)
  region size 4096K, 2 young (8192K), 2 survivors (8192K)
 Metaspace       used 46824K, committed 47424K, reserved 1097728K
  class space    used 6379K, committed 6656K, reserved 1048576K
}

